piyo@vmpc:~/example/collection$ ansible-playbook -i hosts2.yml sample5.yml 

PLAY [Example of "ansible.builtin.include_tasks" usage] **********************************************************************************************

TASK [Gathering Facts] *******************************************************************************************************************************
ok: [ubuntu2004]
ok: [centos83]

TASK [Message No.1] **********************************************************************************************************************************
ok: [centos83] => {
    "msg": "Hello world!"
}
ok: [ubuntu2004] => {
    "msg": "Hello world!"
}

TASK [Include tasks] *********************************************************************************************************************************
skipping: [centos83]
included: /home/piyo/example/collection/includes/inc_task1.yml for ubuntu2004

TASK [List of tasks to include No.1] *****************************************************************************************************************
ok: [ubuntu2004] => {
    "msg": "task #1"
}

TASK [List of tasks to include No.2] *****************************************************************************************************************
ok: [ubuntu2004] => {
    "msg": "task #2"
}

TASK [Message No.2] **********************************************************************************************************************************
ok: [centos83] => {
    "msg": "Hello world!"
}
ok: [ubuntu2004] => {
    "msg": "Hello world!"
}

PLAY RECAP *******************************************************************************************************************************************
centos83                   : ok=3    changed=0    unreachable=0    failed=0    skipped=1    rescued=0    ignored=0   
ubuntu2004                 : ok=6    changed=0    unreachable=0    failed=0    skipped=0    rescued=0    ignored=0   

piyo@vmpc:~/example/collection$ 
