piyo@vmpc:~/example/collection$ ansible-playbook -i hosts.yml sample17.yml 

PLAY [Example of "ansible.builtin.include_tasks" usage] **********************************************************************************************

TASK [Message No.1] **********************************************************************************************************************************
ok: [hydrogen] => {
    "msg": "Hello world!"
}

TASK [include tasks] *********************************************************************************************************************************
included: /home/piyo/example/collection/includes/inc_task1.yml for hydrogen

TASK [List of tasks to include No.1] *****************************************************************************************************************
ok: [hydrogen] => {
    "msg": "task #1"
}

TASK [List of tasks to include No.2] *****************************************************************************************************************
ok: [hydrogen] => {
    "msg": "task #2"
}

TASK [Message No.2] **********************************************************************************************************************************
ok: [hydrogen] => {
    "msg": "Hello world!"
}

PLAY RECAP *******************************************************************************************************************************************
hydrogen                   : ok=5    changed=0    unreachable=0    failed=0    skipped=0    rescued=0    ignored=0   

piyo@vmpc:~/example/collection$ 
