piyo@vmpc:~/example/collection$ ansible-playbook -i hosts.yml sample6.yml 

PLAY [Example of "ansible.builtin.include_tasks" usage] **********************************************************************************************

TASK [Gathering Facts] *******************************************************************************************************************************
ok: [hydrogen]

TASK [Message No.1] **********************************************************************************************************************************
ok: [hydrogen] => {
    "msg": "Hello world!"
}

TASK [Include tasks] *********************************************************************************************************************************
included: /home/piyo/example/collection/includes/inc_task2.yml for hydrogen => (item=taro)
included: /home/piyo/example/collection/includes/inc_task2.yml for hydrogen => (item=jiro)
included: /home/piyo/example/collection/includes/inc_task2.yml for hydrogen => (item=hanako)

TASK [List of tasks to include No.1] *****************************************************************************************************************
ok: [hydrogen] => {
    "msg": "task #1"
}

TASK [loop The value of the variable] ****************************************************************************************************************
ok: [hydrogen] => {
    "msg": "Value -> taro"
}

TASK [List of tasks to include No.2] *****************************************************************************************************************
ok: [hydrogen] => {
    "msg": "task #2"
}

TASK [List of tasks to include No.1] *****************************************************************************************************************
ok: [hydrogen] => {
    "msg": "task #1"
}

TASK [loop The value of the variable] ****************************************************************************************************************
ok: [hydrogen] => {
    "msg": "Value -> jiro"
}

TASK [List of tasks to include No.2] *****************************************************************************************************************
ok: [hydrogen] => {
    "msg": "task #2"
}

TASK [List of tasks to include No.1] *****************************************************************************************************************
ok: [hydrogen] => {
    "msg": "task #1"
}

TASK [loop The value of the variable] ****************************************************************************************************************
ok: [hydrogen] => {
    "msg": "Value -> hanako"
}

TASK [List of tasks to include No.2] *****************************************************************************************************************
ok: [hydrogen] => {
    "msg": "task #2"
}

TASK [Message No.2] **********************************************************************************************************************************
ok: [hydrogen] => {
    "msg": "Hello world!"
}

PLAY RECAP *******************************************************************************************************************************************
hydrogen                   : ok=15   changed=0    unreachable=0    failed=0    skipped=0    rescued=0    ignored=0   

piyo@vmpc:~/example/collection$ 
