piyo@vmpc:~/example/delegate$ ansible-inventory -i hosts.yml --list --yaml
all:
  children:
    db:
      hosts:
        node1:
          ansible_host: 192.168.23.12
          ansible_ssh_private_key_file: ~/.ssh/id_ed25519
          ansible_user: ansible-user
    ungrouped:
      hosts:
        lithium:
          ansible_host: 192.168.23.13
          ansible_ssh_private_key_file: ~/.ssh/id_ed25519
          ansible_user: ansible-user
    web:
      hosts:
        hydrogen:
          ansible_host: 192.168.23.11
          ansible_ssh_private_key_file: ~/.ssh/id_ed25519
          ansible_user: ansible-user
piyo@vmpc:~/example/delegate$ 
piyo@vmpc:~/example/delegate$ ansible-inventory -i hosts.yml --graph
@all:
  |--@db:
  |  |--node1
  |--@ungrouped:
  |  |--lithium
  |--@web:
  |  |--hydrogen
piyo@vmpc:~/example/delegate$ 