piyo@vmpc:~/example/block$ ansible-playbook -i hosts.yml block9.yml 

PLAY [Example of block usage] ************************************************************************************************************************

TASK [Gathering Facts] *******************************************************************************************************************************
ok: [centos83]
ok: [ubuntu2004]

TASK [task-1] ****************************************************************************************************************************************
ok: [centos83] => (item=1) => {
    "msg": "Hello world!"
}
ok: [centos83] => (item=2) => {
    "msg": "Hello world!"
}
ok: [centos83] => (item=3) => {
    "msg": "Hello world!"
}
ok: [ubuntu2004] => (item=1) => {
    "msg": "Hello world!"
}
ok: [ubuntu2004] => (item=2) => {
    "msg": "Hello world!"
}
ok: [ubuntu2004] => (item=3) => {
    "msg": "Hello world!"
}

TASK [task-3] ****************************************************************************************************************************************
ok: [centos83] => {
    "msg": "Hello world!"
}
ok: [ubuntu2004] => {
    "msg": "Hello world!"
}

PLAY RECAP *******************************************************************************************************************************************
centos83                   : ok=3    changed=0    unreachable=0    failed=0    skipped=0    rescued=0    ignored=0   
ubuntu2004                 : ok=3    changed=0    unreachable=0    failed=0    skipped=0    rescued=0    ignored=0   

piyo@vmpc:~/example/block$ 