piyo@vmpc:~/example/block$ ansible-playbook -i hosts.yml block3.yml 

PLAY [Example of block usage] ************************************************************************************************************************

TASK [Gathering Facts] *******************************************************************************************************************************
ok: [ubuntu2004]
ok: [centos83]

TASK [task-1] ****************************************************************************************************************************************
ok: [centos83] => {
    "msg": "Hello world!"
}
ok: [ubuntu2004] => {
    "msg": "Hello world!"
}

TASK [task-2] ****************************************************************************************************************************************
ok: [centos83] => {
    "msg": "Hello world!"
}
ok: [ubuntu2004] => {
    "msg": "Hello world!"
}

TASK [task-3] ****************************************************************************************************************************************
skipping: [ubuntu2004]
fatal: [centos83]: FAILED! => {"changed": true, "cmd": ["/bin/false"], "delta": "0:00:00.003030", "end": "2021-03-21 17:40:37.849432", "msg": "non-zero return code", "rc": 1, "start": "2021-03-21 17:40:37.846402", "stderr": "", "stderr_lines": [], "stdout": "", "stdout_lines": []}

TASK [task-4] ****************************************************************************************************************************************
ok: [ubuntu2004] => {
    "msg": "Hello world!"
}

TASK [task-5] ****************************************************************************************************************************************
ok: [ubuntu2004] => {
    "msg": "Hello world!"
}

PLAY RECAP *******************************************************************************************************************************************
centos83                   : ok=3    changed=0    unreachable=0    failed=1    skipped=0    rescued=0    ignored=0   
ubuntu2004                 : ok=5    changed=0    unreachable=0    failed=0    skipped=1    rescued=0    ignored=0   

piyo@vmpc:~/example/block$ 
