piyo@vmpc:~/example/block$ ansible-playbook -i hosts.yml block7.yml

PLAY [Example of block usage] ************************************************************************************************************************

TASK [Gathering Facts] *******************************************************************************************************************************
ok: [centos83]
ok: [ubuntu2004]

TASK [task-1] ****************************************************************************************************************************************
ok: [centos83] => {
    "msg": "Hello world!"
}
ok: [ubuntu2004] => {
    "msg": "Hello world!"
}

TASK [task-2] ****************************************************************************************************************************************
ok: [centos83] => {
    "msg": "Hello world!"
}
skipping: [ubuntu2004]

TASK [task-3] ****************************************************************************************************************************************
skipping: [ubuntu2004]
fatal: [centos83]: FAILED! => {"changed": true, "cmd": ["/bin/false"], "delta": "0:00:00.003426", "end": "2021-03-21 21:30:29.489544", "msg": "non-zero return code", "rc": 1, "start": "2021-03-21 21:30:29.486118", "stderr": "", "stderr_lines": [], "stdout": "", "stdout_lines": []}

TASK [task-4] ****************************************************************************************************************************************
skipping: [ubuntu2004]

TASK [task-7] ****************************************************************************************************************************************
ok: [centos83] => {
    "msg": "Hello world!"
}

TASK [task-8] ****************************************************************************************************************************************
ok: [centos83] => {
    "msg": "Hello world!"
}

TASK [task-9] ****************************************************************************************************************************************
ok: [centos83] => {
    "msg": "Hello world!"
}
skipping: [ubuntu2004]

TASK [task-10] ***************************************************************************************************************************************
ok: [centos83] => {
    "msg": "Hello world!"
}
skipping: [ubuntu2004]

TASK [task-5] ****************************************************************************************************************************************
ok: [centos83] => {
    "msg": "Hello world!"
}
ok: [ubuntu2004] => {
    "msg": "Hello world!"
}

PLAY RECAP *******************************************************************************************************************************************
centos83                   : ok=8    changed=0    unreachable=0    failed=0    skipped=0    rescued=1    ignored=0   
ubuntu2004                 : ok=3    changed=0    unreachable=0    failed=0    skipped=5    rescued=0    ignored=0   

piyo@vmpc:~/example/block$ 
