piyo@vmpc:~/example/vault$ cat host_vars/hydrogen.yml 
$ANSIBLE_VAULT;1.1;AES256
36333361373263326333363435653134343266346364326338323562313534616630656666616364
6665666465633539396566393864616231326438363339620a343964366131326166373738663766
64613830326635386364323662383733393136663332353838616265656561316532383638303933
3431643438323831350a383537626437613566626638313933653830393631393664323066646161
64643932626564646636383737633163323536323032396363396539626361386665653437303561
33346630646165363930376562306162396461363531336238386138326264316234383739663234
63646537303966343864306632333330396431643938306234373066383834373537386134623938
66336262306237323132376362316564393864303138613164626633353431306265623132316238
30393430646233383633306232616365663835386333666539646430356632353639393234313237
3632666236626637633361343138383034303064613032363037
piyo@vmpc:~/example/vault$ 
piyo@vmpc:~/example/vault$ ansible-vault view host_vars/hydrogen.yml
Vault password: 
---
ansible_host: 192.168.23.11
ansible_user: ansible-user
ansible_password: ansible-password
ansible_ssh_port: 22
piyo@vmpc:~/example/vault$ 