piyo@vmpc:~$ sudo apt install -y python3-pip
[sudo] piyo のパスワード: 
パッケージリストを読み込んでいます... 完了
依存関係ツリーを作成しています                
状態情報を読み取っています... 完了
以下のパッケージが自動でインストールされましたが、もう必要とされていません:
  libfprint-2-tod1 libllvm10
これを削除するには 'sudo apt autoremove' を利用してください。
以下の追加パッケージがインストールされます:
  binutils binutils-common binutils-x86-64-linux-gnu build-essential dpkg-dev fakeroot g++ g++-9 gcc gcc-9 libalgorithm-diff-perl
  libalgorithm-diff-xs-perl libalgorithm-merge-perl libasan5 libatomic1 libbinutils libc-dev-bin libc6-dev libcrypt-dev libctf-nobfd0
  libctf0 libexpat1-dev libfakeroot libgcc-9-dev libitm1 liblsan0 libpython3-dev libpython3.8-dev libquadmath0 libstdc++-9-dev libtsan0
  libubsan1 linux-libc-dev make manpages-dev python-pip-whl python3-dev python3-distutils python3-setuptools python3-wheel python3.8-dev
  zlib1g-dev
提案パッケージ:
  binutils-doc debian-keyring g++-multilib g++-9-multilib gcc-9-doc gcc-multilib autoconf automake libtool flex bison gcc-doc
  gcc-9-multilib gcc-9-locales glibc-doc libstdc++-9-doc make-doc python-setuptools-doc
以下のパッケージが新たにインストールされます:
  binutils binutils-common binutils-x86-64-linux-gnu build-essential dpkg-dev fakeroot g++ g++-9 gcc gcc-9 libalgorithm-diff-perl
  libalgorithm-diff-xs-perl libalgorithm-merge-perl libasan5 libatomic1 libbinutils libc-dev-bin libc6-dev libcrypt-dev libctf-nobfd0
  libctf0 libexpat1-dev libfakeroot libgcc-9-dev libitm1 liblsan0 libpython3-dev libpython3.8-dev libquadmath0 libstdc++-9-dev libtsan0
  libubsan1 linux-libc-dev make manpages-dev python-pip-whl python3-dev python3-distutils python3-pip python3-setuptools python3-wheel
  python3.8-dev zlib1g-dev
アップグレード: 0 個、新規インストール: 43 個、削除: 0 個、保留: 2 個。
38.6 MB のアーカイブを取得する必要があります。
この操作後に追加で 171 MB のディスク容量が消費されます。
取得:1 http://jp.archive.ubuntu.com/ubuntu focal/main amd64 binutils-common amd64 2.34-6ubuntu1 [207 kB]
取得:2 http://jp.archive.ubuntu.com/ubuntu focal/main amd64 libbinutils amd64 2.34-6ubuntu1 [474 kB]
取得:3 http://jp.archive.ubuntu.com/ubuntu focal/main amd64 libctf-nobfd0 amd64 2.34-6ubuntu1 [47.0 kB]
取得:4 http://jp.archive.ubuntu.com/ubuntu focal/main amd64 libctf0 amd64 2.34-6ubuntu1 [46.6 kB]
取得:5 http://jp.archive.ubuntu.com/ubuntu focal/main amd64 binutils-x86-64-linux-gnu amd64 2.34-6ubuntu1 [1,614 kB]
取得:6 http://jp.archive.ubuntu.com/ubuntu focal/main amd64 binutils amd64 2.34-6ubuntu1 [3,376 B]
取得:7 http://jp.archive.ubuntu.com/ubuntu focal-updates/main amd64 libc-dev-bin amd64 2.31-0ubuntu9.2 [71.8 kB]
取得:8 http://jp.archive.ubuntu.com/ubuntu focal-updates/main amd64 linux-libc-dev amd64 5.4.0-65.73 [1,116 kB]
取得:9 http://jp.archive.ubuntu.com/ubuntu focal/main amd64 libcrypt-dev amd64 1:4.4.10-10ubuntu4 [104 kB]
取得:10 http://jp.archive.ubuntu.com/ubuntu focal-updates/main amd64 libc6-dev amd64 2.31-0ubuntu9.2 [2,520 kB]
取得:11 http://jp.archive.ubuntu.com/ubuntu focal-updates/main amd64 libitm1 amd64 10.2.0-5ubuntu1~20.04 [26.4 kB]
取得:12 http://jp.archive.ubuntu.com/ubuntu focal-updates/main amd64 libatomic1 amd64 10.2.0-5ubuntu1~20.04 [9,300 B]
取得:13 http://jp.archive.ubuntu.com/ubuntu focal-updates/main amd64 libasan5 amd64 9.3.0-17ubuntu1~20.04 [394 kB]
取得:14 http://jp.archive.ubuntu.com/ubuntu focal-updates/main amd64 liblsan0 amd64 10.2.0-5ubuntu1~20.04 [144 kB]
取得:15 http://jp.archive.ubuntu.com/ubuntu focal-updates/main amd64 libtsan0 amd64 10.2.0-5ubuntu1~20.04 [320 kB]
取得:16 http://jp.archive.ubuntu.com/ubuntu focal-updates/main amd64 libubsan1 amd64 10.2.0-5ubuntu1~20.04 [136 kB]
取得:17 http://jp.archive.ubuntu.com/ubuntu focal-updates/main amd64 libquadmath0 amd64 10.2.0-5ubuntu1~20.04 [146 kB]
取得:18 http://jp.archive.ubuntu.com/ubuntu focal-updates/main amd64 libgcc-9-dev amd64 9.3.0-17ubuntu1~20.04 [2,360 kB]
取得:19 http://jp.archive.ubuntu.com/ubuntu focal-updates/main amd64 gcc-9 amd64 9.3.0-17ubuntu1~20.04 [8,241 kB]
取得:20 http://jp.archive.ubuntu.com/ubuntu focal/main amd64 gcc amd64 4:9.3.0-1ubuntu2 [5,208 B]
取得:21 http://jp.archive.ubuntu.com/ubuntu focal-updates/main amd64 libstdc++-9-dev amd64 9.3.0-17ubuntu1~20.04 [1,714 kB]
取得:22 http://jp.archive.ubuntu.com/ubuntu focal-updates/main amd64 g++-9 amd64 9.3.0-17ubuntu1~20.04 [8,405 kB]
取得:23 http://jp.archive.ubuntu.com/ubuntu focal/main amd64 g++ amd64 4:9.3.0-1ubuntu2 [1,604 B]
取得:24 http://jp.archive.ubuntu.com/ubuntu focal/main amd64 make amd64 4.2.1-1.2 [162 kB]
取得:25 http://jp.archive.ubuntu.com/ubuntu focal/main amd64 dpkg-dev all 1.19.7ubuntu3 [679 kB]
取得:26 http://jp.archive.ubuntu.com/ubuntu focal-updates/main amd64 build-essential amd64 12.8ubuntu1.1 [4,664 B]
取得:27 http://jp.archive.ubuntu.com/ubuntu focal/main amd64 libfakeroot amd64 1.24-1 [25.7 kB]
取得:28 http://jp.archive.ubuntu.com/ubuntu focal/main amd64 fakeroot amd64 1.24-1 [62.6 kB]
取得:29 http://jp.archive.ubuntu.com/ubuntu focal/main amd64 libalgorithm-diff-perl all 1.19.03-2 [46.6 kB]
取得:30 http://jp.archive.ubuntu.com/ubuntu focal/main amd64 libalgorithm-diff-xs-perl amd64 0.04-6 [11.3 kB]
取得:31 http://jp.archive.ubuntu.com/ubuntu focal/main amd64 libalgorithm-merge-perl all 0.08-3 [12.0 kB]
取得:32 http://jp.archive.ubuntu.com/ubuntu focal/main amd64 libexpat1-dev amd64 2.2.9-1build1 [116 kB]
取得:33 http://jp.archive.ubuntu.com/ubuntu focal-updates/main amd64 libpython3.8-dev amd64 3.8.5-1~20.04 [3,941 kB]
取得:34 http://jp.archive.ubuntu.com/ubuntu focal/main amd64 libpython3-dev amd64 3.8.2-0ubuntu2 [7,236 B]
取得:35 http://jp.archive.ubuntu.com/ubuntu focal/main amd64 manpages-dev all 5.05-1 [2,266 kB]
取得:36 http://jp.archive.ubuntu.com/ubuntu focal-updates/universe amd64 python-pip-whl all 20.0.2-5ubuntu1.1 [1,799 kB]
取得:37 http://jp.archive.ubuntu.com/ubuntu focal-updates/main amd64 zlib1g-dev amd64 1:1.2.11.dfsg-2ubuntu1.2 [155 kB]
取得:38 http://jp.archive.ubuntu.com/ubuntu focal-updates/main amd64 python3.8-dev amd64 3.8.5-1~20.04 [514 kB]
取得:39 http://jp.archive.ubuntu.com/ubuntu focal-updates/main amd64 python3-distutils all 3.8.5-1~20.04.1 [141 kB]
取得:40 http://jp.archive.ubuntu.com/ubuntu focal/main amd64 python3-dev amd64 3.8.2-0ubuntu2 [1,212 B]
取得:41 http://jp.archive.ubuntu.com/ubuntu focal/main amd64 python3-setuptools all 45.2.0-1 [330 kB]
取得:42 http://jp.archive.ubuntu.com/ubuntu focal/universe amd64 python3-wheel all 0.34.2-1 [23.8 kB]
取得:43 http://jp.archive.ubuntu.com/ubuntu focal-updates/universe amd64 python3-pip all 20.0.2-5ubuntu1.1 [230 kB]
38.6 MB を 3秒 で取得しました (11.4 MB/s)
パッケージからテンプレートを展開しています: 100%
以前に未選択のパッケージ binutils-common:amd64 を選択しています。
(データベースを読み込んでいます ... 現在 190665 個のファイルとディレクトリがインストールされています。)
.../00-binutils-common_2.34-6ubuntu1_amd64.deb を展開する準備をしています ...
binutils-common:amd64 (2.34-6ubuntu1) を展開しています...
以前に未選択のパッケージ libbinutils:amd64 を選択しています。
.../01-libbinutils_2.34-6ubuntu1_amd64.deb を展開する準備をしています ...
libbinutils:amd64 (2.34-6ubuntu1) を展開しています...
以前に未選択のパッケージ libctf-nobfd0:amd64 を選択しています。
.../02-libctf-nobfd0_2.34-6ubuntu1_amd64.deb を展開する準備をしています ...
libctf-nobfd0:amd64 (2.34-6ubuntu1) を展開しています...
以前に未選択のパッケージ libctf0:amd64 を選択しています。
.../03-libctf0_2.34-6ubuntu1_amd64.deb を展開する準備をしています ...
libctf0:amd64 (2.34-6ubuntu1) を展開しています...
以前に未選択のパッケージ binutils-x86-64-linux-gnu を選択しています。
.../04-binutils-x86-64-linux-gnu_2.34-6ubuntu1_amd64.deb を展開する準備をしています ...
binutils-x86-64-linux-gnu (2.34-6ubuntu1) を展開しています...
以前に未選択のパッケージ binutils を選択しています。
.../05-binutils_2.34-6ubuntu1_amd64.deb を展開する準備をしています ...
binutils (2.34-6ubuntu1) を展開しています...
以前に未選択のパッケージ libc-dev-bin を選択しています。
.../06-libc-dev-bin_2.31-0ubuntu9.2_amd64.deb を展開する準備をしています ...
libc-dev-bin (2.31-0ubuntu9.2) を展開しています...
以前に未選択のパッケージ linux-libc-dev:amd64 を選択しています。
.../07-linux-libc-dev_5.4.0-65.73_amd64.deb を展開する準備をしています ...
linux-libc-dev:amd64 (5.4.0-65.73) を展開しています...
以前に未選択のパッケージ libcrypt-dev:amd64 を選択しています。
.../08-libcrypt-dev_1%3a4.4.10-10ubuntu4_amd64.deb を展開する準備をしています ...
libcrypt-dev:amd64 (1:4.4.10-10ubuntu4) を展開しています...
以前に未選択のパッケージ libc6-dev:amd64 を選択しています。
.../09-libc6-dev_2.31-0ubuntu9.2_amd64.deb を展開する準備をしています ...
libc6-dev:amd64 (2.31-0ubuntu9.2) を展開しています...
以前に未選択のパッケージ libitm1:amd64 を選択しています。
.../10-libitm1_10.2.0-5ubuntu1~20.04_amd64.deb を展開する準備をしています ...
libitm1:amd64 (10.2.0-5ubuntu1~20.04) を展開しています...
以前に未選択のパッケージ libatomic1:amd64 を選択しています。
.../11-libatomic1_10.2.0-5ubuntu1~20.04_amd64.deb を展開する準備をしています ...
libatomic1:amd64 (10.2.0-5ubuntu1~20.04) を展開しています...
以前に未選択のパッケージ libasan5:amd64 を選択しています。
.../12-libasan5_9.3.0-17ubuntu1~20.04_amd64.deb を展開する準備をしています ...
libasan5:amd64 (9.3.0-17ubuntu1~20.04) を展開しています...
以前に未選択のパッケージ liblsan0:amd64 を選択しています。
.../13-liblsan0_10.2.0-5ubuntu1~20.04_amd64.deb を展開する準備をしています ...
liblsan0:amd64 (10.2.0-5ubuntu1~20.04) を展開しています...
以前に未選択のパッケージ libtsan0:amd64 を選択しています。
.../14-libtsan0_10.2.0-5ubuntu1~20.04_amd64.deb を展開する準備をしています ...
libtsan0:amd64 (10.2.0-5ubuntu1~20.04) を展開しています...
以前に未選択のパッケージ libubsan1:amd64 を選択しています。
.../15-libubsan1_10.2.0-5ubuntu1~20.04_amd64.deb を展開する準備をしています ...
libubsan1:amd64 (10.2.0-5ubuntu1~20.04) を展開しています...
以前に未選択のパッケージ libquadmath0:amd64 を選択しています。
.../16-libquadmath0_10.2.0-5ubuntu1~20.04_amd64.deb を展開する準備をしています ...
libquadmath0:amd64 (10.2.0-5ubuntu1~20.04) を展開しています...
以前に未選択のパッケージ libgcc-9-dev:amd64 を選択しています。
.../17-libgcc-9-dev_9.3.0-17ubuntu1~20.04_amd64.deb を展開する準備をしています ...
libgcc-9-dev:amd64 (9.3.0-17ubuntu1~20.04) を展開しています...
以前に未選択のパッケージ gcc-9 を選択しています。
.../18-gcc-9_9.3.0-17ubuntu1~20.04_amd64.deb を展開する準備をしています ...
gcc-9 (9.3.0-17ubuntu1~20.04) を展開しています...
以前に未選択のパッケージ gcc を選択しています。
.../19-gcc_4%3a9.3.0-1ubuntu2_amd64.deb を展開する準備をしています ...
gcc (4:9.3.0-1ubuntu2) を展開しています...
以前に未選択のパッケージ libstdc++-9-dev:amd64 を選択しています。
.../20-libstdc++-9-dev_9.3.0-17ubuntu1~20.04_amd64.deb を展開する準備をしています ...
libstdc++-9-dev:amd64 (9.3.0-17ubuntu1~20.04) を展開しています...
以前に未選択のパッケージ g++-9 を選択しています。
.../21-g++-9_9.3.0-17ubuntu1~20.04_amd64.deb を展開する準備をしています ...
g++-9 (9.3.0-17ubuntu1~20.04) を展開しています...
以前に未選択のパッケージ g++ を選択しています。
.../22-g++_4%3a9.3.0-1ubuntu2_amd64.deb を展開する準備をしています ...
g++ (4:9.3.0-1ubuntu2) を展開しています...
以前に未選択のパッケージ make を選択しています。
.../23-make_4.2.1-1.2_amd64.deb を展開する準備をしています ...
make (4.2.1-1.2) を展開しています...
以前に未選択のパッケージ dpkg-dev を選択しています。
.../24-dpkg-dev_1.19.7ubuntu3_all.deb を展開する準備をしています ...
dpkg-dev (1.19.7ubuntu3) を展開しています...
以前に未選択のパッケージ build-essential を選択しています。
.../25-build-essential_12.8ubuntu1.1_amd64.deb を展開する準備をしています ...
build-essential (12.8ubuntu1.1) を展開しています...
以前に未選択のパッケージ libfakeroot:amd64 を選択しています。
.../26-libfakeroot_1.24-1_amd64.deb を展開する準備をしています ...
libfakeroot:amd64 (1.24-1) を展開しています...
以前に未選択のパッケージ fakeroot を選択しています。
.../27-fakeroot_1.24-1_amd64.deb を展開する準備をしています ...
fakeroot (1.24-1) を展開しています...
以前に未選択のパッケージ libalgorithm-diff-perl を選択しています。
.../28-libalgorithm-diff-perl_1.19.03-2_all.deb を展開する準備をしています ...
libalgorithm-diff-perl (1.19.03-2) を展開しています...
以前に未選択のパッケージ libalgorithm-diff-xs-perl を選択しています。
.../29-libalgorithm-diff-xs-perl_0.04-6_amd64.deb を展開する準備をしています ...
libalgorithm-diff-xs-perl (0.04-6) を展開しています...
以前に未選択のパッケージ libalgorithm-merge-perl を選択しています。
.../30-libalgorithm-merge-perl_0.08-3_all.deb を展開する準備をしています ...
libalgorithm-merge-perl (0.08-3) を展開しています...
以前に未選択のパッケージ libexpat1-dev:amd64 を選択しています。
.../31-libexpat1-dev_2.2.9-1build1_amd64.deb を展開する準備をしています ...
libexpat1-dev:amd64 (2.2.9-1build1) を展開しています...
以前に未選択のパッケージ libpython3.8-dev:amd64 を選択しています。
.../32-libpython3.8-dev_3.8.5-1~20.04_amd64.deb を展開する準備をしています ...
libpython3.8-dev:amd64 (3.8.5-1~20.04) を展開しています...
以前に未選択のパッケージ libpython3-dev:amd64 を選択しています。
.../33-libpython3-dev_3.8.2-0ubuntu2_amd64.deb を展開する準備をしています ...
libpython3-dev:amd64 (3.8.2-0ubuntu2) を展開しています...
以前に未選択のパッケージ manpages-dev を選択しています。
.../34-manpages-dev_5.05-1_all.deb を展開する準備をしています ...
manpages-dev (5.05-1) を展開しています...
以前に未選択のパッケージ python-pip-whl を選択しています。
.../35-python-pip-whl_20.0.2-5ubuntu1.1_all.deb を展開する準備をしています ...
python-pip-whl (20.0.2-5ubuntu1.1) を展開しています...
以前に未選択のパッケージ zlib1g-dev:amd64 を選択しています。
.../36-zlib1g-dev_1%3a1.2.11.dfsg-2ubuntu1.2_amd64.deb を展開する準備をしています ...
zlib1g-dev:amd64 (1:1.2.11.dfsg-2ubuntu1.2) を展開しています...
以前に未選択のパッケージ python3.8-dev を選択しています。
.../37-python3.8-dev_3.8.5-1~20.04_amd64.deb を展開する準備をしています ...
python3.8-dev (3.8.5-1~20.04) を展開しています...
以前に未選択のパッケージ python3-distutils を選択しています。
.../38-python3-distutils_3.8.5-1~20.04.1_all.deb を展開する準備をしています ...
python3-distutils (3.8.5-1~20.04.1) を展開しています...
以前に未選択のパッケージ python3-dev を選択しています。
.../39-python3-dev_3.8.2-0ubuntu2_amd64.deb を展開する準備をしています ...
python3-dev (3.8.2-0ubuntu2) を展開しています...
以前に未選択のパッケージ python3-setuptools を選択しています。
.../40-python3-setuptools_45.2.0-1_all.deb を展開する準備をしています ...
python3-setuptools (45.2.0-1) を展開しています...
以前に未選択のパッケージ python3-wheel を選択しています。
.../41-python3-wheel_0.34.2-1_all.deb を展開する準備をしています ...
python3-wheel (0.34.2-1) を展開しています...
以前に未選択のパッケージ python3-pip を選択しています。
.../42-python3-pip_20.0.2-5ubuntu1.1_all.deb を展開する準備をしています ...
python3-pip (20.0.2-5ubuntu1.1) を展開しています...
python3-distutils (3.8.5-1~20.04.1) を設定しています ...
manpages-dev (5.05-1) を設定しています ...
python3-setuptools (45.2.0-1) を設定しています ...
libalgorithm-diff-perl (1.19.03-2) を設定しています ...
binutils-common:amd64 (2.34-6ubuntu1) を設定しています ...
linux-libc-dev:amd64 (5.4.0-65.73) を設定しています ...
libctf-nobfd0:amd64 (2.34-6ubuntu1) を設定しています ...
python3-wheel (0.34.2-1) を設定しています ...
libfakeroot:amd64 (1.24-1) を設定しています ...
fakeroot (1.24-1) を設定しています ...
update-alternatives: /usr/bin/fakeroot (fakeroot) を提供するために自動モードで /usr/bin/fakeroot-sysv を使います
libasan5:amd64 (9.3.0-17ubuntu1~20.04) を設定しています ...
make (4.2.1-1.2) を設定しています ...
libquadmath0:amd64 (10.2.0-5ubuntu1~20.04) を設定しています ...
libatomic1:amd64 (10.2.0-5ubuntu1~20.04) を設定しています ...
libubsan1:amd64 (10.2.0-5ubuntu1~20.04) を設定しています ...
libcrypt-dev:amd64 (1:4.4.10-10ubuntu4) を設定しています ...
python-pip-whl (20.0.2-5ubuntu1.1) を設定しています ...
libbinutils:amd64 (2.34-6ubuntu1) を設定しています ...
libc-dev-bin (2.31-0ubuntu9.2) を設定しています ...
libalgorithm-diff-xs-perl (0.04-6) を設定しています ...
liblsan0:amd64 (10.2.0-5ubuntu1~20.04) を設定しています ...
libitm1:amd64 (10.2.0-5ubuntu1~20.04) を設定しています ...
libalgorithm-merge-perl (0.08-3) を設定しています ...
libtsan0:amd64 (10.2.0-5ubuntu1~20.04) を設定しています ...
libctf0:amd64 (2.34-6ubuntu1) を設定しています ...
libgcc-9-dev:amd64 (9.3.0-17ubuntu1~20.04) を設定しています ...
python3-pip (20.0.2-5ubuntu1.1) を設定しています ...
libc6-dev:amd64 (2.31-0ubuntu9.2) を設定しています ...
binutils-x86-64-linux-gnu (2.34-6ubuntu1) を設定しています ...
libstdc++-9-dev:amd64 (9.3.0-17ubuntu1~20.04) を設定しています ...
binutils (2.34-6ubuntu1) を設定しています ...
dpkg-dev (1.19.7ubuntu3) を設定しています ...
libexpat1-dev:amd64 (2.2.9-1build1) を設定しています ...
libpython3.8-dev:amd64 (3.8.5-1~20.04) を設定しています ...
zlib1g-dev:amd64 (1:1.2.11.dfsg-2ubuntu1.2) を設定しています ...
gcc-9 (9.3.0-17ubuntu1~20.04) を設定しています ...
libpython3-dev:amd64 (3.8.2-0ubuntu2) を設定しています ...
gcc (4:9.3.0-1ubuntu2) を設定しています ...
g++-9 (9.3.0-17ubuntu1~20.04) を設定しています ...
python3.8-dev (3.8.5-1~20.04) を設定しています ...
g++ (4:9.3.0-1ubuntu2) を設定しています ...
update-alternatives: /usr/bin/c++ (c++) を提供するために自動モードで /usr/bin/g++ を使います
build-essential (12.8ubuntu1.1) を設定しています ...
python3-dev (3.8.2-0ubuntu2) を設定しています ...
man-db (2.9.1-1) のトリガを処理しています ...
libc-bin (2.31-0ubuntu9.2) のトリガを処理しています ...
piyo@vmpc:~$ pip3 install ansible
Collecting ansible
  Downloading ansible-2.10.7.tar.gz (29.9 MB)
     |████████████████████████████████| 29.9 MB 45.9 MB/s 
Collecting ansible-base<2.11,>=2.10.5
  Downloading ansible-base-2.10.5.tar.gz (5.7 MB)
     |████████████████████████████████| 5.7 MB 15.6 MB/s 
Requirement already satisfied: PyYAML in /usr/lib/python3/dist-packages (from ansible-base<2.11,>=2.10.5->ansible) (5.3.1)
Requirement already satisfied: cryptography in /usr/lib/python3/dist-packages (from ansible-base<2.11,>=2.10.5->ansible) (2.8)
Collecting jinja2
  Downloading Jinja2-2.11.3-py2.py3-none-any.whl (125 kB)
     |████████████████████████████████| 125 kB 23.2 MB/s 
Collecting packaging
  Downloading packaging-20.9-py2.py3-none-any.whl (40 kB)
     |████████████████████████████████| 40 kB 11.2 MB/s 
Requirement already satisfied: MarkupSafe>=0.23 in /usr/lib/python3/dist-packages (from jinja2->ansible-base<2.11,>=2.10.5->ansible) (1.1.0)
Collecting pyparsing>=2.0.2
  Downloading pyparsing-2.4.7-py2.py3-none-any.whl (67 kB)
     |████████████████████████████████| 67 kB 9.0 MB/s 
Building wheels for collected packages: ansible, ansible-base
  Building wheel for ansible (setup.py) ... done
  Created wheel for ansible: filename=ansible-2.10.7-py3-none-any.whl size=48212990 sha256=11f422fa1a2cf6ee752c37370ca890291f8d3e1efab9d75e3d06f8677441d5b0
  Stored in directory: /home/piyo/.cache/pip/wheels/79/19/86/6c5f4a91efbdd490ed3885732149185d6fde6efd72ee19d9ae
  Building wheel for ansible-base (setup.py) ... done
  Created wheel for ansible-base: filename=ansible_base-2.10.5-py3-none-any.whl size=1870021 sha256=b4efeb5452d150fd59d9e2271e4695c51bd3b369d0ff70186257dbc79d32e487
  Stored in directory: /home/piyo/.cache/pip/wheels/42/c6/0c/3a4ca90e8116f3d585dff14283e48a6db9982d3f520654c46d
Successfully built ansible ansible-base
Installing collected packages: jinja2, pyparsing, packaging, ansible-base, ansible
Successfully installed ansible-2.10.7 ansible-base-2.10.5 jinja2-2.11.3 packaging-20.9 pyparsing-2.4.7
piyo@vmpc:~$ pip3 show ansible
Name: ansible
Version: 2.10.7
Summary: Radically simple IT automation
Home-page: https://ansible.com/
Author: Ansible, Inc.
Author-email: info@ansible.com
License: GPLv3+
Location: /home/piyo/.local/lib/python3.8/site-packages
Requires: ansible-base
Required-by: 
piyo@vmpc:~$ pip3 show ansible-base
Name: ansible-base
Version: 2.10.5
Summary: Radically simple IT automation
Home-page: https://ansible.com/
Author: Ansible, Inc.
Author-email: info@ansible.com
License: GPLv3+
Location: /home/piyo/.local/lib/python3.8/site-packages
Requires: jinja2, PyYAML, cryptography, packaging
Required-by: ansible
piyo@vmpc:~$ exit