piyo@vmpc:~$ sudo apt install -y python3-pip
[sudo] piyo のパスワード: 
パッケージリストを読み込んでいます... 完了
依存関係ツリーを作成しています                
状態情報を読み取っています... 完了
以下のパッケージが自動でインストールされましたが、もう必要とされていません:
  libfprint-2-tod1 libllvm10
これを削除するには 'sudo apt autoremove' を利用してください。
以下の追加パッケージがインストールされます:
  binutils binutils-common binutils-x86-64-linux-gnu build-essential dpkg-dev fakeroot g++ g++-9 gcc gcc-9 libalgorithm-diff-perl
  libalgorithm-diff-xs-perl libalgorithm-merge-perl libasan5 libatomic1 libbinutils libc-dev-bin libc6-dev libcrypt-dev libctf-nobfd0
  libctf0 libexpat1-dev libfakeroot libgcc-9-dev libitm1 liblsan0 libpython3-dev libpython3.8-dev libquadmath0 libstdc++-9-dev libtsan0
  libubsan1 linux-libc-dev make manpages-dev python-pip-whl python3-dev python3-distutils python3-setuptools python3-wheel python3.8-dev
  zlib1g-dev
提案パッケージ:
  binutils-doc debian-keyring g++-multilib g++-9-multilib gcc-9-doc gcc-multilib autoconf automake libtool flex bison gcc-doc

（中略）

gcc (4:9.3.0-1ubuntu2) を設定しています ...
進捗: [ 93%] [##################################################################################################################.........] 
g++-9 (9.3.0-17ubuntu1~20.04) を設定しています ...
進捗: [ 94%] [###################################################################################################################........] 
python3.8-dev (3.8.5-1~20.04.3) を設定しています ...
進捗: [ 95%] [#####################################################################################################################......] 
g++ (4:9.3.0-1ubuntu2) を設定しています ...
進捗: [ 97%] [######################################################################################################################.....] 
update-alternatives: /usr/bin/c++ (c++) を提供するために自動モードで /usr/bin/g++ を使います
進捗: [ 97%] [#######################################################################################################################....] 
build-essential (12.8ubuntu1.1) を設定しています ...
進捗: [ 98%] [########################################################################################################################...] 
python3-dev (3.8.2-0ubuntu2) を設定しています ...
進捗: [ 99%] [##########################################################################################################################.] 
man-db (2.9.1-1) のトリガを処理しています ...
libc-bin (2.31-0ubuntu9.2) のトリガを処理しています ...
piyo@vmpc:~$ 
piyo@vmpc:~$ pip3 install ansible
Collecting ansible
  Downloading ansible-4.1.0.tar.gz (34.0 MB)
     |████████████████████████████████| 34.0 MB 33.7 MB/s 
Collecting ansible-core<2.12,>=2.11.1
  Downloading ansible-core-2.11.1.tar.gz (6.1 MB)
     |████████████████████████████████| 6.1 MB 27.2 MB/s 
Requirement already satisfied: PyYAML in /usr/lib/python3/dist-packages (from ansible-core<2.12,>=2.11.1->ansible) (5.3.1)
Requirement already satisfied: cryptography in /usr/lib/python3/dist-packages (from ansible-core<2.12,>=2.11.1->ansible) (2.8)
Collecting jinja2
  Downloading Jinja2-3.0.1-py3-none-any.whl (133 kB)
     |████████████████████████████████| 133 kB 9.9 MB/s 
Collecting packaging
  Downloading packaging-20.9-py2.py3-none-any.whl (40 kB)
     |████████████████████████████████| 40 kB 12.5 MB/s 
Collecting resolvelib<0.6.0,>=0.5.3
  Downloading resolvelib-0.5.4-py2.py3-none-any.whl (12 kB)
Collecting MarkupSafe>=2.0
  Downloading MarkupSafe-2.0.1-cp38-cp38-manylinux2010_x86_64.whl (30 kB)
Collecting pyparsing>=2.0.2
  Downloading pyparsing-2.4.7-py2.py3-none-any.whl (67 kB)
     |████████████████████████████████| 67 kB 7.9 MB/s 
Building wheels for collected packages: ansible, ansible-core
  Building wheel for ansible (setup.py) ... done
  Created wheel for ansible: filename=ansible-4.1.0-py3-none-any.whl size=55998213 sha256=d026528420b3e2678488fac88ed6cf3a0d9d0ab7f56229cf4b5
d27be625a11e0
  Stored in directory: /home/piyo/.cache/pip/wheels/e1/b6/56/dcabbb59e82df6248ef2ac20f80596e6ae005bff72902b1e52
  Building wheel for ansible-core (setup.py) ... done
  Created wheel for ansible-core: filename=ansible_core-2.11.1-py3-none-any.whl size=1954022 sha256=bac1712c91a80fc2ff5eb8d6bc6dddf1fac2c5560
3fc07b9dd861fef1dec35c0
  Stored in directory: /home/piyo/.cache/pip/wheels/9c/1b/3e/9ab249618104d7a50e7a6066823d3fcb17ab46d695cb57ab4f
Successfully built ansible ansible-core
Installing collected packages: MarkupSafe, jinja2, pyparsing, packaging, resolvelib, ansible-core, ansible
Successfully installed MarkupSafe-2.0.1 ansible-4.1.0 ansible-core-2.11.1 jinja2-3.0.1 packaging-20.9 pyparsing-2.4.7 resolvelib-0.5.4
piyo@vmpc:~$ 
piyo@vmpc:~$ pip3 show ansible-core
Name: ansible-core
Version: 2.11.1
Summary: Radically simple IT automation
Home-page: https://ansible.com/
Author: Ansible, Inc.
Author-email: info@ansible.com
License: GPLv3+
Location: /home/piyo/.local/lib/python3.8/site-packages
Requires: resolvelib, PyYAML, packaging, jinja2, cryptography
Required-by: ansible
piyo@vmpc:~$ 
piyo@vmpc:~$ pip3 show ansible
Name: ansible
Version: 4.1.0
Summary: Radically simple IT automation
Home-page: https://ansible.com/
Author: Ansible, Inc.
Author-email: info@ansible.com
License: GPLv3+
Location: /home/piyo/.local/lib/python3.8/site-packages
Requires: ansible-core
Required-by: 
piyo@vmpc:~$ 
piyo@vmpc:~$ source ~/.profile
piyo@vmpc:~$ 
piyo@vmpc:~$ ansible --version
ansible [core 2.11.1] 
  config file = None
  configured module search path = ['/home/piyo/.ansible/plugins/modules', '/usr/share/ansible/plugins/modules']
  ansible python module location = /home/piyo/.local/lib/python3.8/site-packages/ansible
  ansible collection location = /home/piyo/.ansible/collections:/usr/share/ansible/collections
  executable location = /home/piyo/.local/bin/ansible
  python version = 3.8.5 (default, May 27 2021, 13:30:53) [GCC 9.3.0]
  jinja version = 3.0.1
  libyaml = True
piyo@vmpc:~$ 
piyo@vmpc:~$ sudo apt -y install sshpass
パッケージリストを読み込んでいます... 完了
依存関係ツリーを作成しています                
状態情報を読み取っています... 完了
以下のパッケージが自動でインストールされましたが、もう必要とされていません:
  libfprint-2-tod1 libllvm10
これを削除するには 'sudo apt autoremove' を利用してください。
以下のパッケージが新たにインストールされます:
  sshpass
アップグレード: 0 個、新規インストール: 1 個、削除: 0 個、保留: 0 個。
10.5 kB のアーカイブを取得する必要があります。
この操作後に追加で 30.7 kB のディスク容量が消費されます。
取得:1 http://jp.archive.ubuntu.com/ubuntu focal/universe amd64 sshpass amd64 1.06-1 [10.5 kB]
10.5 kB を 0秒 で取得しました (38.0 kB/s)
以前に未選択のパッケージ sshpass を選択しています。
(データベースを読み込んでいます ... 現在 196975 個のファイルとディレクトリがインストールされています。)
.../sshpass_1.06-1_amd64.deb を展開する準備をしています ...
sshpass (1.06-1) を展開しています...
sshpass (1.06-1) を設定しています ...
man-db (2.9.1-1) のトリガを処理しています ...
piyo@vmpc:~$ 