piyo@vmpc:~$ cd /home/$USER/ダウンロード
piyo@vmpc:~/ダウンロード$
piyo@vmpc:~/ダウンロード$ ls -l
合計 74572
-rw-rw-r-- 1 piyo piyo 76359920  6月 11 22:25 code_1.57.0-1623259737_amd64.deb
piyo@vmpc:~/ダウンロード$
piyo@vmpc:~/ダウンロード$ sudo apt -y install ./code_1.57.0-1623259737_amd64.deb 
[sudo] piyo のパスワード: 
パッケージリストを読み込んでいます... 完了
依存関係ツリーを作成しています                
状態情報を読み取っています... 完了
注意、'./code_1.57.0-1623259737_amd64.deb' の代わりに 'code' を選択します
以下のパッケージが自動でインストールされましたが、もう必要とされていません:
  libfprint-2-tod1 libllvm10
これを削除するには 'sudo apt autoremove' を利用してください。
以下のパッケージが新たにインストールされます:
  code
アップグレード: 0 個、新規インストール: 1 個、削除: 0 個、保留: 0 個。
76.4 MB 中 0 B のアーカイブを取得する必要があります。
この操作後に追加で 293 MB のディスク容量が消費されます。
取得:1 /home/piyo/ダウンロード/code_1.57.0-1623259737_amd64.deb code amd64 1.57.0-1623259737 [76.4 MB]
以前に未選択のパッケージ code を選択しています。
(データベースを読み込んでいます ... 現在 194895 個のファイルとディレクトリがインストールされています。)
.../code_1.57.0-1623259737_amd64.deb を展開する準備をしています ...
進捗: [ 20%] [########################...................................................................................................] 
code (1.57.0-1623259737) を展開しています...
進捗: [ 40%] [#################################################..........................................................................] 
code (1.57.0-1623259737) を設定しています ...
進捗: [ 80%] [##################################################################################################.........................] 
mime-support (3.64ubuntu1) のトリガを処理しています ...
gnome-menus (3.36.0-1ubuntu1) のトリガを処理しています ...
shared-mime-info (1.15-1) のトリガを処理しています ...
desktop-file-utils (0.24-1ubuntu3) のトリガを処理しています ...
piyo@vmpc:~/ダウンロード$ 
