C:\vagrant>vagrant up
Bringing machine 'hydrogen' up with 'virtualbox' provider...
Bringing machine 'helium' up with 'virtualbox' provider...
Bringing machine 'lithium' up with 'virtualbox' provider...
==> hydrogen: Box 'centos/8' could not be found. Attempting to find and install...
    hydrogen: Box Provider: virtualbox
    hydrogen: Box Version: >= 0
==> hydrogen: Loading metadata for box 'centos/8'
    hydrogen: URL: https://vagrantcloud.com/centos/8
==> hydrogen: Adding box 'centos/8' (v2011.0) for provider: virtualbox
    hydrogen: Downloading: https://vagrantcloud.com/centos/boxes/8/versions/2011.0/providers/virtualbox.box
Download redirected to host: cloud.centos.org
    hydrogen:
    hydrogen: Calculating and comparing box checksum...
==> hydrogen: Successfully added box 'centos/8' (v2011.0) for 'virtualbox'!
==> hydrogen: Importing base box 'centos/8'...
==> hydrogen: Matching MAC address for NAT networking...
==> hydrogen: Checking if box 'centos/8' version '2011.0' is up to date...
==> hydrogen: Setting the name of the VM: hydrogen
==> hydrogen: Clearing any previously set network interfaces...
==> hydrogen: Preparing network interfaces based on configuration...
    hydrogen: Adapter 1: nat
    hydrogen: Adapter 2: intnet
==> hydrogen: Forwarding ports...
    hydrogen: 22 (guest) => 2222 (host) (adapter 1)
==> hydrogen: Running 'pre-boot' VM customizations...
==> hydrogen: Booting VM...
==> hydrogen: Waiting for machine to boot. This may take a few minutes...
    hydrogen: SSH address: 127.0.0.1:2222
    hydrogen: SSH username: vagrant
    hydrogen: SSH auth method: private key
    hydrogen:
    hydrogen: Vagrant insecure key detected. Vagrant will automatically replace
    hydrogen: this with a newly generated keypair for better security.
    hydrogen:
    hydrogen: Inserting generated public key within guest...
    hydrogen: Removing insecure key from the guest if it's present...
    hydrogen: Key inserted! Disconnecting and reconnecting using new SSH key...
==> hydrogen: Machine booted and ready!
==> hydrogen: Checking for guest additions in VM...
    hydrogen: No guest additions were detected on the base box for this VM! Guest
    hydrogen: additions are required for forwarded ports, shared folders, host only
    hydrogen: networking, and more. If SSH fails on this machine, please install
    hydrogen: the guest additions and repackage the box to continue.
    hydrogen:
    hydrogen: This is not an error message; everything may continue to work properly,
    hydrogen: in which case you may ignore this message.
==> hydrogen: Setting hostname...
==> hydrogen: Configuring and enabling network interfaces...
==> hydrogen: Rsyncing folder: /cygdrive/c/vagrant/ => /vagrant
==> hydrogen: Running provisioner: shell...
    hydrogen: Running: inline script
    hydrogen: Dependencies resolved.
    hydrogen: ================================================================================
    hydrogen:  Package            Arch      Version                 Repository           Size
    hydrogen: ================================================================================
    hydrogen: Removing:
    hydrogen:  open-vm-tools      x86_64    11.1.0-2.el8            @koji-override-1    2.2 M
    hydrogen: Removing unused dependencies:
    hydrogen:  fuse               x86_64    2.9.7-12.el8            @anaconda           206 k
    hydrogen:  fuse-common        x86_64    3.2.1-12.el8            @anaconda           4.7 k
    hydrogen:  libdrm             x86_64    2.4.101-1.el8           @koji-override-1    373 k
    hydrogen:  libmspack          x86_64    0.7-0.3.alpha.el8.4     @koji-override-1    132 k
    hydrogen:  libpciaccess       x86_64    0.14-1.el8              @anaconda            49 k
    hydrogen:  libtool-ltdl       x86_64    2.4.6-25.el8            @anaconda            70 k
    hydrogen:  libxslt            x86_64    1.1.32-5.el8            @anaconda           734 k
    hydrogen:  pciutils           x86_64    3.6.4-2.el8             @anaconda           206 k
    hydrogen:  tar                x86_64    2:1.30-5.el8            @anaconda           2.7 M
    hydrogen:  xmlsec1            x86_64    1.2.25-4.el8            @koji-override-1    597 k
    hydrogen:  xmlsec1-openssl    x86_64    1.2.25-4.el8            @koji-override-1    287 k
    hydrogen:
    hydrogen: Transaction Summary
    hydrogen: ================================================================================
    hydrogen: Remove  12 Packages
    hydrogen:
    hydrogen: Freed space: 7.6 M
    hydrogen: Running transaction check
    hydrogen: Transaction check succeeded.
    hydrogen: Running transaction test
    hydrogen: Transaction test succeeded.
    hydrogen: Running transaction
    hydrogen:   Preparing        :                                                        1/1
    hydrogen:
    hydrogen:   Running scriptlet: open-vm-tools-11.1.0-2.el8.x86_64                      1/1
    hydrogen:
    hydrogen:   Running scriptlet: open-vm-tools-11.1.0-2.el8.x86_64                     1/12
    hydrogen:
    hydrogen:   Erasing          : open-vm-tools-11.1.0-2.el8.x86_64                     1/12
    hydrogen:   Running scriptlet: open-vm-tools-11.1.0-2.el8.x86_64                     1/12
    hydrogen:
    hydrogen:   Erasing          : xmlsec1-openssl-1.2.25-4.el8.x86_64                   2/12
    hydrogen:
    hydrogen:   Erasing          : xmlsec1-1.2.25-4.el8.x86_64                           3/12
    hydrogen:
    hydrogen:   Erasing          : fuse-2.9.7-12.el8.x86_64                              4/12
    hydrogen:
    hydrogen:   Erasing          : libdrm-2.4.101-1.el8.x86_64                           5/12
    hydrogen:
    hydrogen:   Erasing          : fuse-common-3.2.1-12.el8.x86_64                       6/12
    hydrogen:
    hydrogen:   Erasing          : libpciaccess-0.14-1.el8.x86_64                        7/12
    hydrogen:
    hydrogen:   Erasing          : libtool-ltdl-2.4.6-25.el8.x86_64                      8/12
    hydrogen:   Running scriptlet: libtool-ltdl-2.4.6-25.el8.x86_64                      8/12
    hydrogen:
    hydrogen:   Erasing          : libxslt-1.1.32-5.el8.x86_64                           9/12
    hydrogen:
    hydrogen:   Erasing          : libmspack-0.7-0.3.alpha.el8.4.x86_64                 10/12
    hydrogen:
    hydrogen:   Erasing          : pciutils-3.6.4-2.el8.x86_64                          11/12
    hydrogen:
    hydrogen:   Running scriptlet: tar-2:1.30-5.el8.x86_64                              12/12
    hydrogen:
    hydrogen:   Erasing          : tar-2:1.30-5.el8.x86_64                              12/12
    hydrogen:
    hydrogen:   Running scriptlet: tar-2:1.30-5.el8.x86_64                              12/12
    hydrogen:
    hydrogen:   Verifying        : fuse-2.9.7-12.el8.x86_64                              1/12
    hydrogen:   Verifying        : fuse-common-3.2.1-12.el8.x86_64                       2/12
    hydrogen:   Verifying        : libdrm-2.4.101-1.el8.x86_64                           3/12
    hydrogen:   Verifying        : libmspack-0.7-0.3.alpha.el8.4.x86_64                  4/12
    hydrogen:   Verifying        : libpciaccess-0.14-1.el8.x86_64                        5/12
    hydrogen:   Verifying        : libtool-ltdl-2.4.6-25.el8.x86_64                      6/12
    hydrogen:   Verifying        : libxslt-1.1.32-5.el8.x86_64                           7/12
    hydrogen:   Verifying        : open-vm-tools-11.1.0-2.el8.x86_64                     8/12
    hydrogen:   Verifying        : pciutils-3.6.4-2.el8.x86_64                           9/12
    hydrogen:   Verifying        : tar-2:1.30-5.el8.x86_64                              10/12
    hydrogen:   Verifying        : xmlsec1-1.2.25-4.el8.x86_64                          11/12
    hydrogen:   Verifying        : xmlsec1-openssl-1.2.25-4.el8.x86_64                  12/12
    hydrogen:
    hydrogen:
    hydrogen: Removed:
    hydrogen:   fuse-2.9.7-12.el8.x86_64            fuse-common-3.2.1-12.el8.x86_64
    hydrogen:   libdrm-2.4.101-1.el8.x86_64         libmspack-0.7-0.3.alpha.el8.4.x86_64
    hydrogen:   libpciaccess-0.14-1.el8.x86_64      libtool-ltdl-2.4.6-25.el8.x86_64
    hydrogen:   libxslt-1.1.32-5.el8.x86_64         open-vm-tools-11.1.0-2.el8.x86_64
    hydrogen:   pciutils-3.6.4-2.el8.x86_64         tar-2:1.30-5.el8.x86_64
    hydrogen:   xmlsec1-1.2.25-4.el8.x86_64         xmlsec1-openssl-1.2.25-4.el8.x86_64
    hydrogen:
    hydrogen: Complete!
==> hydrogen: Running provisioner: shell...
    hydrogen: Running: inline script
==> helium: Box 'centos/8' could not be found. Attempting to find and install...
    helium: Box Provider: virtualbox
    helium: Box Version: >= 0
==> helium: Loading metadata for box 'centos/8'
    helium: URL: https://vagrantcloud.com/centos/8
==> helium: Adding box 'centos/8' (v2011.0) for provider: virtualbox
==> helium: Importing base box 'centos/8'...
==> helium: Matching MAC address for NAT networking...
==> helium: Checking if box 'centos/8' version '2011.0' is up to date...
==> helium: Setting the name of the VM: helium

（中略）

    helium: Removed:
    helium:   fuse-2.9.7-12.el8.x86_64            fuse-common-3.2.1-12.el8.x86_64
    helium:   libdrm-2.4.101-1.el8.x86_64         libmspack-0.7-0.3.alpha.el8.4.x86_64
    helium:   libpciaccess-0.14-1.el8.x86_64      libtool-ltdl-2.4.6-25.el8.x86_64
    helium:   libxslt-1.1.32-5.el8.x86_64         open-vm-tools-11.1.0-2.el8.x86_64
    helium:   pciutils-3.6.4-2.el8.x86_64         tar-2:1.30-5.el8.x86_64
    helium:   xmlsec1-1.2.25-4.el8.x86_64         xmlsec1-openssl-1.2.25-4.el8.x86_64
    helium:
    helium: Complete!
==> helium: Running provisioner: shell...
    helium: Running: inline script
==> lithium: Box 'centos/8' could not be found. Attempting to find and install...
    lithium: Box Provider: virtualbox
    lithium: Box Version: >= 0
==> lithium: Loading metadata for box 'centos/8'
    lithium: URL: https://vagrantcloud.com/centos/8
==> lithium: Adding box 'centos/8' (v2011.0) for provider: virtualbox
==> lithium: Importing base box 'centos/8'...
==> lithium: Matching MAC address for NAT networking...
==> lithium: Checking if box 'centos/8' version '2011.0' is up to date...
==> lithium: Setting the name of the VM: lithium

（中略）

    lithium: Removed:
    lithium:   fuse-2.9.7-12.el8.x86_64            fuse-common-3.2.1-12.el8.x86_64
    lithium:   libdrm-2.4.101-1.el8.x86_64         libmspack-0.7-0.3.alpha.el8.4.x86_64
    lithium:   libpciaccess-0.14-1.el8.x86_64      libtool-ltdl-2.4.6-25.el8.x86_64
    lithium:   libxslt-1.1.32-5.el8.x86_64         open-vm-tools-11.1.0-2.el8.x86_64
    lithium:   pciutils-3.6.4-2.el8.x86_64         tar-2:1.30-5.el8.x86_64
    lithium:   xmlsec1-1.2.25-4.el8.x86_64         xmlsec1-openssl-1.2.25-4.el8.x86_64
    lithium:
    lithium: Complete!
==> lithium: Running provisioner: shell...
    lithium: Running: inline script

C:\vagrant>