piyo@vmpc:~$ modinfo vboxguest
filename:       /lib/modules/5.8.0-55-generic/kernel/drivers/virt/vboxguest/vboxguest.ko
license:        GPL
description:    Oracle VM VirtualBox Guest Additions for Linux Module
author:         Oracle Corporation
srcversion:     313CF8BE65D94633B5BF631
alias:          pci:v000080EEd0000CAFEsv00000000sd00000000bc*sc*i*
depends:        
retpoline:      Y
intree:         Y
name:           vboxguest
vermagic:       5.8.0-55-generic SMP mod_unload modversions 
sig_id:         PKCS#7
signer:         Build time autogenerated kernel key
sig_key:        18:66:B5:E9:7A:AA:DF:38:69:8F:19:E4:0B:F6:A4:BB:2E:A0:7F:1A
sig_hashalgo:   sha512
signature:      80:6B:32:F0:66:C5:FE:B7:3B:8E:0C:77:01:C3:DD:3E:82:1B:CF:5B:
                E6:5E:28:C8:D3:B4:61:27:14:F2:96:61:02:F4:15:42:3F:46:CE:8A:
                6C:94:B2:58:E1:05:0E:C8:FF:4E:9B:61:FC:04:39:32:71:5D:D4:01:
                1E:3D:5C:2F:CE:4A:DD:8C:E3:92:50:F4:A2:4F:2B:CA:B4:DD:21:C1:
                C2:51:BB:EF:98:AA:46:03:32:89:DB:2D:E6:18:5C:92:BE:E5:A5:9B:
                96:14:E6:61:A8:BD:0F:46:C2:92:11:AE:D2:9D:5E:C6:33:12:81:11:
                44:91:15:B1:E3:B8:2E:5D:C7:F7:12:61:69:03:11:C4:09:B6:A4:15:
                67:47:88:84:81:5C:CD:20:BC:5E:9B:87:2D:D8:62:ED:BF:9A:89:C9:
                FD:2B:96:6F:E1:A1:27:AA:87:D4:A0:54:33:61:90:B6:B8:84:B6:71:
                B2:D5:DB:DC:4D:AB:66:9B:C9:7F:29:EB:F8:DD:27:22:A8:C5:EE:A1:
                D2:74:D1:A2:4C:3C:C3:77:94:7C:F7:4C:91:D5:BC:EC:BE:59:24:58:
                9C:D0:55:BA:07:2C:12:2D:CC:7D:B8:3B:BB:D8:59:A3:FE:0C:A5:53:
                8C:FE:AA:EE:CD:DB:AA:96:43:FE:94:EC:CD:8D:7C:F9:F9:0C:BB:B1:
                07:C1:02:1C:1E:22:90:B3:58:76:E4:BF:FD:8D:8E:4E:2D:7E:4F:D7:
                5F:3D:81:07:91:A1:EB:4B:C0:EB:ED:EB:FF:D7:31:DE:94:E8:EC:F2:
                02:07:3E:E0:DF:D5:3A:43:77:08:22:A6:DE:57:09:E0:B3:06:DE:8C:
                0D:38:2C:BF:63:29:53:1E:B7:CB:D2:3E:8D:CC:F6:1D:A0:78:62:65:
                92:AC:61:5E:89:1C:26:88:E7:EA:CE:F5:33:6D:18:D8:F7:83:97:86:
                17:29:5C:A0:9A:FD:A0:4E:EE:D5:A7:85:D2:EA:6C:80:8F:DB:8D:DF:
                0F:E6:84:B9:6A:4F:57:3F:AC:ED:BE:D0:0D:DA:EF:8C:AE:B7:8F:AE:
                01:CD:80:08:0F:56:35:2A:80:FC:AD:BB:E9:70:35:1E:C4:60:EF:57:
                45:4B:67:F7:7F:1F:6F:F6:5A:9A:C9:C6:6B:4D:9F:BA:ED:56:19:76:
                7E:F9:15:C4:ED:25:8E:6E:83:E5:6E:FA:31:9B:95:A4:A6:69:4B:43:
                9F:72:E4:F1:F3:00:79:AB:26:72:F4:35:B5:25:11:6B:BA:CB:31:22:
                0F:53:84:4A:33:CC:B6:18:11:DE:76:CA:10:5A:EC:98:F7:DA:12:6A:
                16:0F:CC:96:39:4B:ED:DB:33:00:FA:BE
piyo@vmpc:~$ 