piyo@vmpc:~/example/sample/zabbix$ ansible-playbook -i hosts.yml deploy_zabbix.yml 

PLAY [Zabbix 5.2 サーバーをデプロイする] ****************************************************************************************************
***********

TASK [initial_processing : SE Linux を無効化] ***********************************************************************************************
****
[WARNING]: SELinux state temporarily changed from 'enforcing' to 'permissive'. State change will take effect next reboot.
changed: [zabbix]

TASK [initial_processing : インストール済みパッケージを更新] ********************************************************************************
****************
changed: [zabbix]

RUNNING HANDLER [initial_processing : 再起動] ***********************************************************************************************
***
changed: [zabbix]

TASK [installing_and_configuring_zabbix : Zabbix 5.2 のリポジトリをインストール] ************************************************************
*************
changed: [zabbix]

TASK [installing_and_configuring_zabbix : Zabbix 5.2 のパッケージをインストール] ************************************************************
*************
changed: [zabbix]

TASK [installing_and_configuring_zabbix : 設定ファイルを変更 (PHP)] *************************************************************************
*********
changed: [zabbix]

TASK [installing_and_configuring_zabbix : 設定ファイルを変更 (Zabbix Server / Database user)] ***********************************************
*********
changed: [zabbix]

TASK [installing_and_configuring_zabbix : 設定ファイルを変更 (Zabbix Server / Database password)] *******************************************
*********
changed: [zabbix]

TASK [installing_and_configuring_zabbix : 設定ファイルを変更 (Zabbix Server / Database name)] ***********************************************
*********
changed: [zabbix]

TASK [installing_and_configuring_zabbix : 設定ファイルを変更 (Zabbix Agent 2)] **************************************************************
*********
changed: [zabbix]

TASK [installing_and_configuring_mysql : MySQL のリポジトリをインストール] ******************************************************************
*************
changed: [zabbix]

TASK [installing_and_configuring_mysql : デフォルトの MySQL を無効化] ***********************************************************************
**********
[WARNING]: Consider using the dnf module rather than running 'dnf'.  If you need to use command because dnf is insufficient you can add
'warn: false' to this command task or set 'command_warnings=False' in ansible.cfg to get rid of this message.
changed: [zabbix]

TASK [installing_and_configuring_mysql : MySQL をインストール] ******************************************************************************
*******
changed: [zabbix]

TASK [installing_and_configuring_mysql : mysql_native_password の有効化] ********************************************************************
****
changed: [zabbix]

TASK [installing_and_configuring_mysql : MySQL サービスを起動（自動起動あり）] **************************************************************
***************
changed: [zabbix]

TASK [installing_and_configuring_mysql : MySQL の初期パスワードを抽出] **********************************************************************
***********
ok: [zabbix]

TASK [installing_and_configuring_mysql : MySQL の root アカウントのパスワードを再設定] ******************************************************
****************
changed: [zabbix]

TASK [installing_and_configuring_mysql : MySQL にユーザーアカウント zabbix を作成] **********************************************************
*************
changed: [zabbix]

TASK [installing_and_configuring_mysql : データベースを作成] ********************************************************************************
*********
changed: [zabbix]

TASK [installing_and_configuring_mysql : Zabbix 用スキーマを作成] ***************************************************************************
********
changed: [zabbix]

TASK [configure_firewall_and_start_service : ファイアウォールに穴あけ] **********************************************************************
************
changed: [zabbix] => (item=10051/tcp)
changed: [zabbix] => (item=80/tcp)

TASK [configure_firewall_and_start_service : サービスを起動（自動起動あり）] ****************************************************************
***************
changed: [zabbix] => (item=httpd.service)
changed: [zabbix] => (item=php-fpm.service)
changed: [zabbix] => (item=zabbix-server.service)
changed: [zabbix] => (item=zabbix-agent2.service)

PLAY RECAP **********************************************************************************************************************************
zabbix                     : ok=22   changed=21   unreachable=0    failed=0    skipped=0    rescued=0    ignored=0   

piyo@vmpc:~/example/sample/zabbix$
