[root@awx ~]# dnf -y install open-vm-tools
CentOS Linux 8 - AppStream                                                                                   7.0 MB/s | 8.1 MB     00:01    
CentOS Linux 8 - BaseOS                                                                                      4.0 MB/s | 3.6 MB     00:00    
CentOS Linux 8 - Extras                                                                                       18 kB/s | 9.8 kB     00:00    
パッケージ open-vm-tools-11.2.0-2.el8.x86_64 は既にインストールされています。
依存関係が解決しました。
行うべきことはありません。
完了しました!
[root@awx ~]# dnf -y install epel-release
メタデータの期限切れの最終確認: 0:00:07 時間前の 2021年07月03日 01時21分13秒 に実施しました。
依存関係が解決しました。
=============================================================================================================================================
 パッケージ                           アーキテクチャー               バージョン                         リポジトリー                   サイズ
=============================================================================================================================================
インストール:
 epel-release                         noarch                         8-11.el8                           extras                          24 k

トランザクションの概要
=============================================================================================================================================
インストール  1 パッケージ

（中略）

トランザクションのテストに成功しました。
トランザクションを実行中
  準備             :                                                                                                                     1/1 
  インストール中   : epel-release-8-11.el8.noarch                                                                                        1/1 
  scriptletの実行中: epel-release-8-11.el8.noarch                                                                                        1/1 
  検証             : epel-release-8-11.el8.noarch                                                                                        1/1 

インストール済み:
  epel-release-8-11.el8.noarch                                                                                                               

完了しました!
[root@awx ~]# dnf -y update
Extra Packages for Enterprise Linux Modular 8 - x86_64                                                       489 kB/s | 663 kB     00:01    
Extra Packages for Enterprise Linux 8 - x86_64                                                                12 MB/s |  10 MB     00:00    
メタデータの期限切れの最終確認: 0:00:01 時間前の 2021年07月03日 01時21分27秒 に実施しました。
依存関係が解決しました。
=============================================================================================================================================
 パッケージ                                アーキテクチャー      バージョン                                   リポジトリー             サイズ
=============================================================================================================================================
インストール:
 kernel                                    x86_64                4.18.0-305.7.1.el8_4                         baseos                   5.9 M
 kernel-core                               x86_64                4.18.0-305.7.1.el8_4                         baseos                    36 M

（中略）

  rpm-build-libs-4.14.3-14.el8_4.x86_64                              rpm-libs-4.14.3-14.el8_4.x86_64                                        
  rpm-plugin-selinux-4.14.3-14.el8_4.x86_64                          rpm-plugin-systemd-inhibit-4.14.3-14.el8_4.x86_64                      
  rsyslog-8.1911.0-7.el8_4.2.x86_64                                  sssd-client-2.4.0-9.el8_4.1.x86_64                                     
  sssd-common-2.4.0-9.el8_4.1.x86_64                                 sssd-kcm-2.4.0-9.el8_4.1.x86_64                                        
  sssd-nfs-idmap-2.4.0-9.el8_4.1.x86_64                              systemd-239-45.el8_4.1.x86_64                                          
  systemd-libs-239-45.el8_4.1.x86_64                                 systemd-pam-239-45.el8_4.1.x86_64                                      
  systemd-udev-239-45.el8_4.1.x86_64                                 tuned-2.15.0-2.el8_4.1.noarch                                          
インストール済み:
  kernel-4.18.0-305.7.1.el8_4.x86_64        kernel-core-4.18.0-305.7.1.el8_4.x86_64        kernel-modules-4.18.0-305.7.1.el8_4.x86_64       

完了しました!
[root@awx ~]# reboot
