[root@awx ~]# dnf -y install setroubleshoot-server curl lsof wget
メタデータの期限切れの最終確認: 0:03:03 時間前の 2021年07月03日 01時21分27秒 に実施しました。
パッケージ curl-7.61.1-18.el8.x86_64 は既にインストールされています。
依存関係が解決しました。
=============================================================================================================================================
 パッケージ                                 アーキテクチャー     バージョン                                    リポジトリー            サイズ
=============================================================================================================================================
インストール:
 lsof                                       x86_64               4.93.2-1.el8                                  baseos                  253 k
 setroubleshoot-server                      x86_64               3.3.24-3.el8                                  appstream               401 k
 wget                                       x86_64               1.19.5-10.el8                                 appstream               734 k

（中略）

  libXext-1.3.4-1.el8.x86_64                                               libXrender-0.9.10-7.el8.x86_64                                    
  libxcb-1.13.1-1.el8.x86_64                                               lsof-4.93.2-1.el8.x86_64                                          
  pixman-0.38.4-1.el8.x86_64                                               policycoreutils-python-utils-2.9-14.el8.noarch                    
  python3-audit-3.0-0.17.20191104git1c2f876.el8.x86_64                     python3-cairo-1.16.3-6.el8.x86_64                                 
  python3-gobject-3.28.3-2.el8.x86_64                                      python3-libsemanage-2.9-6.el8.x86_64                              
  python3-libxml2-2.9.7-9.el8_4.2.x86_64                                   python3-policycoreutils-2.9-14.el8.noarch                         
  python3-pydbus-0.6.0-5.el8.noarch                                        python3-setools-4.3.0-2.el8.x86_64                                
  python3-systemd-234-8.el8.x86_64                                         setroubleshoot-plugins-3.3.13-1.el8.noarch                        
  setroubleshoot-server-3.3.24-3.el8.x86_64                                wget-1.19.5-10.el8.x86_64                                         

完了しました!
[root@awx ~]# sed -i  '/swap/d' /etc/fstab
[root@awx ~]# swapoff -a
[root@awx ~]# firewall-cmd --permanent --zone=public --add-service=https
success
[root@awx ~]# firewall-cmd --zone=public --add-masquerade --permanent
success
[root@awx ~]# firewall-cmd --reload
success
[root@awx ~]# reboot
