[root@awx ~]# dnf -y install open-vm-tools
CentOS Linux 8 - AppStream                                          4.0 MB/s | 7.5 MB     00:01    
CentOS Linux 8 - BaseOS                                             3.2 MB/s | 2.6 MB     00:00    
CentOS Linux 8 - Extras                                              15 kB/s | 9.6 kB     00:00    
パッケージ open-vm-tools-11.2.0-2.el8.x86_64 は既にインストールされています。
依存関係が解決しました。
行うべきことはありません。
完了しました!
[root@awx ~]# dnf -y install epel-release
メタデータの期限切れの最終確認: 0:00:11 時間前の 2021年06月23日 21時26分31秒 に実施しました。
依存関係が解決しました。
====================================================================================================
 パッケージ                 アーキテクチャー     バージョン              リポジトリー         サイズ
====================================================================================================
インストール:
 epel-release               noarch               8-8.el8                 extras                23 k

トランザクションの概要
====================================================================================================
インストール  1 パッケージ

ダウンロードサイズの合計: 23 k
インストール後のサイズ: 32 k
パッケージのダウンロード:
epel-release-8-8.el8.noarch.rpm                                     116 kB/s |  23 kB     00:00    
----------------------------------------------------------------------------------------------------
合計                                                                 35 kB/s |  23 kB     00:00     
警告: /var/cache/dnf/extras-2770d521ba03e231/packages/epel-release-8-8.el8.noarch.rpm: ヘッダー V3 R
SA/SHA256 Signature、鍵 ID 8483c65d: NOKEY
CentOS Linux 8 - Extras                                             1.6 MB/s | 1.6 kB     00:00    
GPG 鍵 0x8483C65D をインポート中:
 Userid     : "CentOS (CentOS Official Signing Key) <security@centos.org>"
 Fingerprint: 99DB 70FA E1D7 CE22 7FB6 4882 05B5 55B3 8483 C65D
 From       : /etc/pki/rpm-gpg/RPM-GPG-KEY-centosofficial
鍵のインポートに成功しました
トランザクションの確認を実行中
トランザクションの確認に成功しました。
トランザクションのテストを実行中
トランザクションのテストに成功しました。
トランザクションを実行中
  準備             :                                                                            1/1 
  インストール中   : epel-release-8-8.el8.noarch                                                1/1 
  scriptletの実行中: epel-release-8-8.el8.noarch                                                1/1 
  検証             : epel-release-8-8.el8.noarch                                                1/1 

インストール済み:
  epel-release-8-8.el8.noarch                                                                       

完了しました!
[root@awx ~]# dnf -y update
Extra Packages for Enterprise Linux Modular 8 - x86_64              465 kB/s | 611 kB     00:01    
Extra Packages for Enterprise Linux 8 - x86_64                      4.4 MB/s | 9.5 MB     00:02    
メタデータの期限切れの最終確認: 0:00:01 時間前の 2021年06月23日 21時26分53秒 に実施しました。
依存関係が解決しました。
====================================================================================================
 パッケージ               Arch           バージョン                            リポジトリー   サイズ
====================================================================================================
アップグレード:
 bash                     x86_64         4.4.20-1.el8_4                        baseos         1.5 M
 bind-export-libs         x86_64         32:9.11.26-4.el8_4                    baseos         1.1 M
 dbus                     x86_64         1:1.12.8-12.el8_4.2                   baseos          41 k
 dbus-common              noarch         1:1.12.8-12.el8_4.2                   baseos          46 k
 dbus-daemon              x86_64         1:1.12.8-12.el8_4.2                   baseos         240 k
 dbus-libs                x86_64         1:1.12.8-12.el8_4.2                   baseos         184 k
 dbus-tools               x86_64         1:1.12.8-12.el8_4.2                   baseos          85 k
 epel-release             noarch         8-10.el8                              epel            22 k
 glib2                    x86_64         2.56.4-10.el8_4                       baseos         2.5 M
 gnutls                   x86_64         3.6.14-8.el8_3                        baseos         1.0 M
 microcode_ctl            x86_64         4:20210216-1.20210525.1.el8_4         baseos         5.5 M
 nettle                   x86_64         3.4.1-4.el8_3                         baseos         301 k
 openssh                  x86_64         8.0p1-6.el8_4.2                       baseos         521 k
 openssh-clients          x86_64         8.0p1-6.el8_4.2                       baseos         667 k
 openssh-server           x86_64         8.0p1-6.el8_4.2                       baseos         484 k
 polkit                   x86_64         0.115-11.el8_4.1                      baseos         154 k
 polkit-libs              x86_64         0.115-11.el8_4.1                      baseos          76 k

（中略）

  検証             : openssh-server-8.0p1-5.el8.x86_64                                        28/34 
  検証             : polkit-0.115-11.el8_4.1.x86_64                                           29/34 
  検証             : polkit-0.115-11.el8.x86_64                                               30/34 
  検証             : polkit-libs-0.115-11.el8_4.1.x86_64                                      31/34 
  検証             : polkit-libs-0.115-11.el8.x86_64                                          32/34 
  検証             : epel-release-8-10.el8.noarch                                             33/34 
  検証             : epel-release-8-8.el8.noarch                                              34/34 

アップグレード済み:
  bash-4.4.20-1.el8_4.x86_64                           bind-export-libs-32:9.11.26-4.el8_4.x86_64  
  dbus-1:1.12.8-12.el8_4.2.x86_64                      dbus-common-1:1.12.8-12.el8_4.2.noarch      
  dbus-daemon-1:1.12.8-12.el8_4.2.x86_64               dbus-libs-1:1.12.8-12.el8_4.2.x86_64        
  dbus-tools-1:1.12.8-12.el8_4.2.x86_64                epel-release-8-10.el8.noarch                
  glib2-2.56.4-10.el8_4.x86_64                         gnutls-3.6.14-8.el8_3.x86_64                
  microcode_ctl-4:20210216-1.20210525.1.el8_4.x86_64   nettle-3.4.1-4.el8_3.x86_64                 
  openssh-8.0p1-6.el8_4.2.x86_64                       openssh-clients-8.0p1-6.el8_4.2.x86_64      
  openssh-server-8.0p1-6.el8_4.2.x86_64                polkit-0.115-11.el8_4.1.x86_64              
  polkit-libs-0.115-11.el8_4.1.x86_64                 

完了しました!
[root@awx ~]# reboot
