[root@awx ~]# dnf -y upgrade
メタデータの期限切れの最終確認: 0:07:34 時間前の 2021年06月23日 21時26分53秒 に実施しました。
依存関係が解決しました。
行うべきことはありません。
完了しました!
[root@awx ~]# dnf -y install setroubleshoot-server curl lsof wget
メタデータの期限切れの最終確認: 0:07:40 時間前の 2021年06月23日 21時26分53秒 に実施しました。
パッケージ curl-7.61.1-18.el8.x86_64 は既にインストールされています。
依存関係が解決しました。
====================================================================================================
 パッケージ                      Arch      バージョン                            リポジトリー サイズ
====================================================================================================
インストール:
 lsof                            x86_64    4.93.2-1.el8                          baseos       253 k
 setroubleshoot-server           x86_64    3.3.24-3.el8                          appstream    401 k
 wget                            x86_64    1.19.5-10.el8                         appstream    734 k
依存関係のインストール:
 cairo                           x86_64    1.15.12-3.el8                         appstream    721 k
 cairo-gobject                   x86_64    1.15.12-3.el8                         appstream     33 k
 checkpolicy                     x86_64    2.9-1.el8                             baseos       348 k
 dejavu-fonts-common             noarch    2.35-7.el8                            baseos        74 k
 dejavu-sans-fonts               noarch    2.35-7.el8                            baseos       1.6 M
 fontconfig                      x86_64    2.13.1-3.el8                          baseos       275 k
 fontpackages-filesystem         noarch    1.44-22.el8                           baseos        16 k
 libX11                          x86_64    1.6.8-4.el8                           appstream    611 k
 libX11-common                   noarch    1.6.8-4.el8                           appstream    158 k
 libXau                          x86_64    1.0.9-3.el8                           appstream     37 k
 libXext                         x86_64    1.3.4-1.el8                           appstream     45 k
 libXrender                      x86_64    0.9.10-7.el8                          appstream     33 k
 libxcb                          x86_64    1.13.1-1.el8                          appstream    229 k
 pixman                          x86_64    0.38.4-1.el8                          appstream    257 k
 policycoreutils-python-utils    noarch    2.9-14.el8                            baseos       252 k
 python3-audit                   x86_64    3.0-0.17.20191104git1c2f876.el8       baseos        86 k
 python3-cairo                   x86_64    1.16.3-6.el8                          appstream     90 k
 python3-gobject                 x86_64    3.28.3-2.el8                          appstream     26 k
 python3-libsemanage             x86_64    2.9-6.el8                             baseos       127 k
 python3-libxml2                 x86_64    2.9.7-9.el8                           baseos       237 k
 python3-policycoreutils         noarch    2.9-14.el8                            baseos       2.2 M
 python3-pydbus                  noarch    0.6.0-5.el8                           appstream     53 k
 python3-setools                 x86_64    4.3.0-2.el8                           baseos       626 k
 python3-systemd                 x86_64    234-8.el8                             appstream     81 k
 setroubleshoot-plugins          noarch    3.3.13-1.el8                          appstream    361 k

（中略）

インストール済み:
  cairo-1.15.12-3.el8.x86_64                                                                        
  cairo-gobject-1.15.12-3.el8.x86_64                                                                
  checkpolicy-2.9-1.el8.x86_64                                                                      
  dejavu-fonts-common-2.35-7.el8.noarch                                                             
  dejavu-sans-fonts-2.35-7.el8.noarch                                                               
  fontconfig-2.13.1-3.el8.x86_64                                                                    
  fontpackages-filesystem-1.44-22.el8.noarch                                                        
  libX11-1.6.8-4.el8.x86_64                                                                         
  libX11-common-1.6.8-4.el8.noarch                                                                  
  libXau-1.0.9-3.el8.x86_64                                                                         
  libXext-1.3.4-1.el8.x86_64                                                                        
  libXrender-0.9.10-7.el8.x86_64                                                                    
  libxcb-1.13.1-1.el8.x86_64                                                                        
  lsof-4.93.2-1.el8.x86_64                                                                          
  pixman-0.38.4-1.el8.x86_64                                                                        
  policycoreutils-python-utils-2.9-14.el8.noarch                                                    
  python3-audit-3.0-0.17.20191104git1c2f876.el8.x86_64                                              
  python3-cairo-1.16.3-6.el8.x86_64                                                                 
  python3-gobject-3.28.3-2.el8.x86_64                                                               
  python3-libsemanage-2.9-6.el8.x86_64                                                              
  python3-libxml2-2.9.7-9.el8.x86_64                                                                
  python3-policycoreutils-2.9-14.el8.noarch                                                         
  python3-pydbus-0.6.0-5.el8.noarch                                                                 
  python3-setools-4.3.0-2.el8.x86_64                                                                
  python3-systemd-234-8.el8.x86_64                                                                  
  setroubleshoot-plugins-3.3.13-1.el8.noarch                                                        
  setroubleshoot-server-3.3.24-3.el8.x86_64                                                         
  wget-1.19.5-10.el8.x86_64                                                                         

完了しました!
[root@awx ~]# sed -i  '/swap/d' /etc/fstab
[root@awx ~]# swapoff -a
[root@awx ~]# firewall-cmd --permanent --zone=public --add-service=https
success
[root@awx ~]# firewall-cmd --zone=public --add-masquerade --permanent
success
[root@awx ~]# firewall-cmd --reload
success
[root@awx ~]# reboot
