usage: ansible-lint [-h] [-L] [-f {rich,plain,rst,codeclimate,quiet,pep8}] [-q] [-p]
                    [--parseable-severity] [--progressive] [--project-dir PROJECT_DIR]
                    [-r RULESDIR] [-R] [--show-relpath] [-t TAGS] [-T] [-v] [-x SKIP_LIST]
                    [-w WARN_LIST] [--enable-list ENABLE_LIST] [--nocolor] [--force-color]
                    [--exclude EXCLUDE_PATHS] [-c CONFIG_FILE] [--offline] [--version]
                    [lintables [lintables ...]]

positional arguments:
  lintables             One or more files or paths. When missing it will enable auto-detection
                        mode.

optional arguments:
  -h, --help            show this help message and exit
  -L                    list all the rules
  -f {rich,plain,rst,codeclimate,quiet,pep8}
                        Format used rules output, (default: rich)
  -q                    quieter, reduce verbosity, can be specified twice.
  -p                    parseable output, same as '-f pep8'
  --parseable-severity  parseable output including severity of rule
  --progressive         Return success if it detects a reduction in number of violations compared
                        with previous git commit. This feature works only in git repositories.
  --project-dir PROJECT_DIR
                        Location of project/repository, autodetected based on location of
                        configuration file.
  -r RULESDIR           Specify custom rule directories. Add -R to keep using embedded rules from
                        /home/piyo/.local/lib/python3.8/site-packages/ansiblelint/rules
  -R                    Keep default rules when using -r
  --show-relpath        Display path relative to CWD
  -t TAGS               only check rules whose id/tags match these values
  -T                    list all the tags
  -v                    Increase verbosity level (-vv for more)
  -x SKIP_LIST          only check rules whose id/tags do not match these values
  -w WARN_LIST          only warn about these rules, unless overridden in config file defaults to
                        'experimental'
  --enable-list ENABLE_LIST
                        activate optional rules by their tag name
  --nocolor             disable colored output, same as NO_COLOR=1
  --force-color         Force colored output, same as FORCE_COLOR=1
  --exclude EXCLUDE_PATHS
                        path to directories or files to skip. This option is repeatable.
  -c CONFIG_FILE        Specify configuration file to use. Defaults to ".ansible-lint"
  --offline             Disable installation of requirements.yml
  --version