piyo@vmpc:~/example/role$ ansible-playbook -i hosts.yml roles3.yml

PLAY [Example of using roles] ************************************************************************************************************************

TASK [Gathering Facts] *******************************************************************************************************************************
ok: [hydrogen]

TASK [The ansible.builtin.include_role module with the loop directive set] ***************************************************************************

TASK [loop-test : Display the start message] *********************************************************************************************************
ok: [hydrogen] => {
    "msg": "Start!"
}

TASK [loop-test : Display the contents of the variable item] *****************************************************************************************
ok: [hydrogen] => {
    "msg": "The value of item is 1."
}

TASK [loop-test : Display an exit message] ***********************************************************************************************************
ok: [hydrogen] => {
    "msg": "End!"
}

TASK [loop-test : Display the start message] *********************************************************************************************************
ok: [hydrogen] => {
    "msg": "Start!"
}

TASK [loop-test : Display the contents of the variable item] *****************************************************************************************
ok: [hydrogen] => {
    "msg": "The value of item is 2."
}

TASK [loop-test : Display an exit message] ***********************************************************************************************************
ok: [hydrogen] => {
    "msg": "End!"
}

TASK [loop-test : Display the start message] *********************************************************************************************************
ok: [hydrogen] => {
    "msg": "Start!"
}

TASK [loop-test : Display the contents of the variable item] *****************************************************************************************
ok: [hydrogen] => {
    "msg": "The value of item is 3."
}

TASK [loop-test : Display an exit message] ***********************************************************************************************************
ok: [hydrogen] => {
    "msg": "End!"
}

PLAY RECAP *******************************************************************************************************************************************
hydrogen                   : ok=10   changed=0    unreachable=0    failed=0    skipped=0    rescued=0    ignored=0   

piyo@vmpc:~/example/role$ 
