piyo@vmpc:~/example/tag$ ansible-playbook -i hosts.yml tag7.yml

PLAY [Examples of tag usage] ****************************************************************************************************************

TASK [task-1] *******************************************************************************************************************************
ok: [hydrogen] => {
    "msg": "Hello world!"
}

TASK [task-2 (block)] ***********************************************************************************************************************
ok: [hydrogen] => {
    "msg": "Hello world!"
}

TASK [task-3 (block) -> The execution of this task will fail.] ******************************************************************************
fatal: [hydrogen]: FAILED! => {"ansible_facts": {"discovered_interpreter_python": "/usr/libexec/platform-python"}, "changed": true, "cmd": ["/bin/false"], "delta": "0:00:00.003389", "end": "2021-05-16 21:02:32.960302", "msg": "non-zero return code", "rc": 1, "start": "2021-05-16 21:02:32.956913", "stderr": "", "stderr_lines": [], "stdout": "", "stdout_lines": []}

TASK [task-6 (rescue)] **********************************************************************************************************************
ok: [hydrogen] => {
    "msg": "Hello world!"
}

TASK [task-7 (rescue)] **********************************************************************************************************************
ok: [hydrogen] => {
    "msg": "Hello world!"
}

TASK [task-8 (rescue)] **********************************************************************************************************************
ok: [hydrogen] => {
    "msg": "Hello world!"
}

TASK [task-5] *******************************************************************************************************************************
ok: [hydrogen] => {
    "msg": "Hello world!"
}

PLAY RECAP **********************************************************************************************************************************
hydrogen                   : ok=6    changed=0    unreachable=0    failed=0    skipped=0    rescued=1    ignored=0   

piyo@vmpc:~/example/tag$ 