piyo@vmpc:~/example/tag$ ansible-playbook -i hosts.yml tag1.yml --skip-tags job1

PLAY [Examples of tag usage] ****************************************************************************************************************

TASK [task#2] *******************************************************************************************************************************
ok: [hydrogen] => {
    "msg": "Hello world!"
}

TASK [task#5] *******************************************************************************************************************************
ok: [hydrogen] => {
    "msg": "Hello world!"
}

TASK [task#6] *******************************************************************************************************************************
ok: [hydrogen] => {
    "msg": "Hello world!"
}

TASK [task#7] *******************************************************************************************************************************
ok: [hydrogen] => {
    "msg": "Hello world!"
}

PLAY RECAP **********************************************************************************************************************************
hydrogen                   : ok=4    changed=0    unreachable=0    failed=0    skipped=0    rescued=0    ignored=0   

piyo@vmpc:~/example/tag$ 