piyo@vmpc:~/example/tag$ ansible-playbook -i hosts.yml tag5.yml

PLAY [Examples of tag usage] ****************************************************************************************************************

TASK [task-1] *******************************************************************************************************************************
ok: [hydrogen] => {
    "msg": "Hello world!"
}

TASK [task-2 (block)] ***********************************************************************************************************************
ok: [hydrogen] => {
    "msg": "Hello world!"
}

TASK [task-3 (block)] ***********************************************************************************************************************
ok: [hydrogen] => {
    "msg": "Hello world!"
}

TASK [task-4 (block)] ***********************************************************************************************************************
ok: [hydrogen] => {
    "msg": "Hello world!"
}

TASK [task-5] *******************************************************************************************************************************
ok: [hydrogen] => {
    "msg": "Hello world!"
}

PLAY RECAP **********************************************************************************************************************************
hydrogen                   : ok=5    changed=0    unreachable=0    failed=0    skipped=0    rescued=0    ignored=0   

piyo@vmpc:~/example/tag$ 