piyo@vmpc:~/example/collection$ ansible-playbook -i hosts.yml sample8.yml 

PLAY [Example of "ansible.builtin.import_tasks" usage] ***********************************************************************************************

TASK [Message No.1] **********************************************************************************************************************************
ok: [hydrogen] => {
    "msg": "Hello world!"
}

TASK [List of tasks to import No.1] ******************************************************************************************************************
ok: [hydrogen] => {
    "msg": "task #1"
}

TASK [List of tasks to import No.2] ******************************************************************************************************************
ok: [hydrogen] => {
    "msg": "task #2"
}

TASK [Message No.2] **********************************************************************************************************************************
ok: [hydrogen] => {
    "msg": "Hello world!"
}

PLAY RECAP *******************************************************************************************************************************************
hydrogen                   : ok=4    changed=0    unreachable=0    failed=0    skipped=0    rescued=0    ignored=0   

piyo@vmpc:~/example/collection$ 
