piyo@vmpc:~/example/loop$ ansible-playbook -i hosts.yml user1.yml 

PLAY [Example of loop usage] *************************************************************************************************************************

TASK [Create an account] *****************************************************************************************************************************
ok: [hydrogen] => (item={'user_name': 'hanako-san', 'user_password': 'hanako-no-password'}) => {
    "ansible_loop_var": "item",
    "item": {
        "user_name": "hanako-san",
        "user_password": "hanako-no-password"
    }
}
ok: [hydrogen] => (item={'user_name': 'taro-san', 'user_password': 'taro-no-password'}) => {
    "ansible_loop_var": "item",
    "item": {
        "user_name": "taro-san",
        "user_password": "taro-no-password"
    }
}
ok: [hydrogen] => (item={'user_name': 'jiro-san', 'user_password': 'jiro-no-password'}) => {
    "ansible_loop_var": "item",
    "item": {
        "user_name": "jiro-san",
        "user_password": "jiro-no-password"
    }
}

PLAY RECAP *******************************************************************************************************************************************
hydrogen                   : ok=1    changed=0    unreachable=0    failed=0    skipped=0    rescued=0    ignored=0   

piyo@vmpc:~/example/loop$ 
