piyo@vmpc:~/example/err$ ansible-playbook -i hosts.yml error8.yml 

PLAY [Example of error handling usage] ***************************************************************************************************************

TASK [Gathering Facts] *******************************************************************************************************************************
ok: [hydrogen]

TASK [Copy the file] *********************************************************************************************************************************
changed: [hydrogen]

TASK [Display the contents of register variables] ****************************************************************************************************
ok: [hydrogen] => {
    "result_of_copy": {
        "changed": true,
        "checksum": "03cfd743661f07975fa2f1220c5194cbaff48451",
        "dest": "/home/ansible-user/file3",
        "diff": [],
        "failed": false,
        "gid": 1000,
        "group": "ansible-user",
        "md5sum": "0bee89b07a248e27c83fc3d5951213c1",
        "mode": "0644",
        "owner": "ansible-user",
        "secontext": "unconfined_u:object_r:user_home_t:s0",
        "size": 4,
        "src": "/home/ansible-user/.ansible/tmp/ansible-tmp-1617511221.7773068-5121-228466514751113/source",
        "state": "file",
        "uid": 1000
    }
}

PLAY RECAP *******************************************************************************************************************************************
hydrogen                   : ok=3    changed=1    unreachable=0    failed=0    skipped=0    rescued=0    ignored=0   

piyo@vmpc:~/example/err$ 
